<?xml version="1.0" encoding="UTF-8"?>
<robot generator="Robot 5.0.1 (Python 3.10.5 on win32)" generated="20220627 12:08:19.160" rpa="false" schemaversion="3">
<suite id="s1" name="Contactus" source="F:\Dojobox\Demo\WebAutomationTesting\suites\contactus.robot">
<test id="s1-t1" name="User Should Be Able To See Contact Us." line="7">
<kw name="Open Browser Chrome" library="ContactUs" type="SETUP">
<kw name="Open Browser" library="SeleniumLibrary">
<arg>browser=chrome</arg>
<arg>url=${HOMEPAGE_URL}</arg>
<doc>Opens a new browser instance to the optional ``url``.</doc>
<msg timestamp="20220627 12:08:19.790" level="INFO">Opening browser 'chrome' to base url 'http://automationpractice.com/index.php'.</msg>
<status status="PASS" starttime="20220627 12:08:19.789" endtime="20220627 12:08:26.974"/>
</kw>
<status status="PASS" starttime="20220627 12:08:19.788" endtime="20220627 12:08:26.974"/>
</kw>
<kw name="Click Button Contact Us Menu" library="ContactUs">
<doc>Click Button Contact Us Menu</doc>
<kw name="Click Element" library="SeleniumLibrary">
<arg>${contactus_button}</arg>
<doc>Click the element identified by ``locator``.</doc>
<msg timestamp="20220627 12:08:26.978" level="INFO">Clicking element '//*[@title="Contact Us"]'.</msg>
<status status="PASS" starttime="20220627 12:08:26.977" endtime="20220627 12:08:29.547"/>
</kw>
<status status="PASS" starttime="20220627 12:08:26.976" endtime="20220627 12:08:29.547"/>
</kw>
<kw name="Choose Attach File" library="ContactUs">
<doc>Choose Attach File</doc>
<kw name="Choose File" library="SeleniumLibrary">
<arg>${id_fileupload}</arg>
<arg>../assets/IN219748.pdf</arg>
<doc>Inputs the ``file_path`` into the file input field ``locator``.</doc>
<msg timestamp="20220627 12:08:29.550" level="INFO">Sending F:\Dojobox\Demo\WebAutomationTesting\assets\IN219748.pdf to browser.</msg>
<msg timestamp="20220627 12:08:29.724" level="INFO" html="true">&lt;/td&gt;&lt;/tr&gt;&lt;tr&gt;&lt;td colspan="3"&gt;&lt;a href="selenium-screenshot-143.png"&gt;&lt;img src="selenium-screenshot-143.png" width="800px"&gt;&lt;/a&gt;</msg>
<msg timestamp="20220627 12:08:29.725" level="FAIL">WebDriverException: Message: unknown error: path is not absolute: ../assets/IN219748.pdf
  (Session info: chrome=102.0.5005.115)
Stacktrace:
Backtrace:
	Ordinal0 [0x00EFD953+2414931]
	Ordinal0 [0x00E8F5E1+1963489]
	Ordinal0 [0x00D7C6B8+837304]
	Ordinal0 [0x00D831FC+864764]
	Ordinal0 [0x00DA3544+996676]
	Ordinal0 [0x00DC449C+1131676]
	Ordinal0 [0x00D9FC74+982132]
	Ordinal0 [0x00DC46B4+1132212]
	Ordinal0 [0x00DD4812+1198098]
	Ordinal0 [0x00DC42B6+1131190]
	Ordinal0 [0x00D9E860+976992]
	Ordinal0 [0x00D9F756+980822]
	GetHandleVerifier [0x0116CC62+2510274]
	GetHandleVerifier [0x0115F760+2455744]
	GetHandleVerifier [0x00F8EABA+551962]
	GetHandleVerifier [0x00F8D916+547446]
	Ordinal0 [0x00E95F3B+1990459]
	Ordinal0 [0x00E9A898+2009240]
	Ordinal0 [0x00E9A985+2009477]
	Ordinal0 [0x00EA3AD1+2046673]
	BaseThreadInitThunk [0x76ECFA29+25]
	RtlGetAppContainerNamedObjectPath [0x77537A9E+286]
	RtlGetAppContainerNamedObjectPath [0x77537A6E+238]
</msg>
<status status="FAIL" starttime="20220627 12:08:29.549" endtime="20220627 12:08:29.728"/>
</kw>
<kw name="Wait Until Element Is Visible" library="SeleniumLibrary">
<arg>${id_fileupload}</arg>
<doc>Waits until the element ``locator`` is visible.</doc>
<status status="NOT RUN" starttime="20220627 12:08:29.728" endtime="20220627 12:08:29.729"/>
</kw>
<status status="FAIL" starttime="20220627 12:08:29.548" endtime="20220627 12:08:29.729"/>
</kw>
<kw name="Close Browser" library="SeleniumLibrary" type="TEARDOWN">
<doc>Closes the current browser.</doc>
<status status="PASS" starttime="20220627 12:08:29.731" endtime="20220627 12:08:32.145"/>
</kw>
<doc>Test to verify that user should be able to see Contact Us</doc>
<status status="FAIL" starttime="20220627 12:08:19.787" endtime="20220627 12:08:32.146">WebDriverException: Message: unknown error: path is not absolute: ../assets/IN219748.pdf
  (Session info: chrome=102.0.5005.115)
Stacktrace:
Backtrace:
	Ordinal0 [0x00EFD953+2414931]
	Ordinal0 [0x00E8F5E1+1963489]
	Ordinal0 [0x00D7C6B8+837304]
	Ordinal0 [0x00D831FC+864764]
	Ordinal0 [0x00DA3544+996676]
	Ordinal0 [0x00DC449C+1131676]
	Ordinal0 [0x00D9FC74+982132]
	Ordinal0 [0x00DC46B4+1132212]
	Ordinal0 [0x00DD4812+1198098]
	Ordinal0 [0x00DC42B6+1131190]
	Ordinal0 [0x00D9E860+976992]
	Ordinal0 [0x00D9F756+980822]
	GetHandleVerifier [0x0116CC62+2510274]
	GetHandleVerifier [0x0115F760+2455744]
	GetHandleVerifier [0x00F8EABA+551962]
	GetHandleVerifier [0x00F8D916+547446]
	Ordinal0 [0x00E95F3B+1990459]
	Ordinal0 [0x00E9A898+2009240]
	Ordinal0 [0x00E9A985+2009477]
	Ordinal0 [0x00EA3AD1+2046673]
	BaseThreadInitThunk [0x76ECFA29+25]
	RtlGetAppContainerNamedObjectPath [0x77537A9E+286]
	RtlGetAppContainerNamedObjectPath [0x77537A6E+238]
</status>
</test>
<doc>Contact Us test cases</doc>
<status status="FAIL" starttime="20220627 12:08:19.164" endtime="20220627 12:08:32.153"/>
</suite>
<statistics>
<total>
<stat pass="0" fail="1" skip="0">All Tests</stat>
</total>
<tag>
</tag>
<suite>
<stat pass="0" fail="1" skip="0" id="s1" name="Contactus">Contactus</stat>
</suite>
</statistics>
<errors>
</errors>
</robot>
